<?xml version="1.0" encoding="UTF-8"?>
<!-- Generated by org.testng.reporters.JUnitXMLReporter -->
<testsuite ignored="0" hostname="BUDDI_DESKTOP" failures="2" tests="2" name="LoginTests" time="34.09" errors="0" timestamp="2026-02-02T23:11:21 IST">
  <testcase classname="com.example.framework.tests.MyTest" name="testCase1" time="15.519">
    <failure type="java.lang.AssertionError" message="Error Message Not Matched expected [Your email or password is incorrect!123] but found [Your email or password is incorrect!]">
      <![CDATA[java.lang.AssertionError: Error Message Not Matched expected [Your email or password is incorrect!123] but found [Your email or password is incorrect!]
at com.example.framework.tests.MyTest.testCase1(MyTest.java:45)
at java.base/java.util.concurrent.Executors$RunnableAdapter.call(Executors.java:572)
at java.base/java.util.concurrent.FutureTask.run(FutureTask.java:317)
at java.base/java.util.concurrent.ThreadPoolExecutor.runWorker(ThreadPoolExecutor.java:1144)
at java.base/java.util.concurrent.ThreadPoolExecutor$Worker.run(ThreadPoolExecutor.java:642)
at java.base/java.lang.Thread.run(Thread.java:1583)
... Removed 16 stack frames]]>
    </failure>
  </testcase> <!-- testCase1 -->
  <testcase classname="com.example.framework.tests.MyTest2" name="testCase1" time="14.453">
    <failure type="java.lang.AssertionError" message="Error Message Not Matched expected [Your email or password is incorrect!123] but found [Your email or password is incorrect!]">
      <![CDATA[java.lang.AssertionError: Error Message Not Matched expected [Your email or password is incorrect!123] but found [Your email or password is incorrect!]
at com.example.framework.tests.MyTest2.testCase1(MyTest2.java:45)
at java.base/java.util.concurrent.Executors$RunnableAdapter.call(Executors.java:572)
at java.base/java.util.concurrent.FutureTask.run(FutureTask.java:317)
at java.base/java.util.concurrent.ThreadPoolExecutor.runWorker(ThreadPoolExecutor.java:1144)
at java.base/java.util.concurrent.ThreadPoolExecutor$Worker.run(ThreadPoolExecutor.java:642)
at java.base/java.lang.Thread.run(Thread.java:1583)
... Removed 16 stack frames]]>
    </failure>
  </testcase> <!-- testCase1 -->
</testsuite> <!-- LoginTests -->
