<?xml version="1.0" encoding="UTF-8"?>
<!-- Generated by org.testng.reporters.JUnitXMLReporter -->
<testsuite ignored="0" hostname="BUDDI_DESKTOP" failures="0" tests="6" name="LoginTests" time="51.213" errors="0" timestamp="2026-02-02T19:25:47 IST">
  <testcase classname="com.example.framework.tests.LoginTests" name="login_using_excel" time="9.405"/>
  <testcase classname="com.example.framework.tests.LoginTests" name="login_using_excel" time="10.238"/>
  <testcase classname="com.example.framework.tests.LoginTests" name="login_using_excel" time="13.083"/>
  <testcase classname="com.example.framework.tests.LoginTests" name="login_using_db" time="13.725"/>
  <testcase classname="com.example.framework.tests.LoginTests" name="login_using_db" time="16.051"/>
  <testcase classname="com.example.framework.tests.LoginTests" name="login_using_db" time="17.132"/>
</testsuite> <!-- LoginTests -->
