<?xml version="1.0" encoding="UTF-8"?>
<!-- Generated by org.testng.reporters.JUnitXMLReporter -->
<testsuite ignored="0" hostname="BUDDI_DESKTOP" failures="1" tests="2" name="LoginTests" time="37.175" errors="0" timestamp="2026-02-03T15:41:24 IST">
  <testcase classname="com.example.framework.tests.MyTest" name="testCase1" time="10.336">
    <failure type="java.lang.AssertionError" message="Error Message Not Matched expected [Your email or password is incorrect!123] but found [Your email or password is incorrect!]">
      <![CDATA[java.lang.AssertionError: Error Message Not Matched expected [Your email or password is incorrect!123] but found [Your email or password is incorrect!]
at com.example.framework.tests.MyTest.testCase1(MyTest.java:60)
at java.base/java.util.ArrayList.forEach(ArrayList.java:1596)
... Removed 30 stack frames]]>
    </failure>
  </testcase> <!-- testCase1 -->
  <testcase classname="com.example.framework.tests.MyTest2" name="testCase1" time="11.611"/>
</testsuite> <!-- LoginTests -->
