<?xml version="1.0" encoding="UTF-8"?>
<testng-results ignored="0" total="2" passed="1" failed="1" skipped="0">
  <reporter-output>
  </reporter-output>
  <suite started-at="2026-02-03T15:40:46 IST" name="BankingDemoSuite" finished-at="2026-02-03T15:41:23 IST" duration-ms="37175">
    <groups>
    </groups>
    <test started-at="2026-02-03T15:40:46 IST" name="LoginTests" finished-at="2026-02-03T15:41:23 IST" duration-ms="37175">
      <class name="com.example.framework.tests.MyTest">
        <test-method is-config="true" signature="setUp(java.lang.reflect.Method,org.testng.ITestContext)[pri:0, instance:com.example.framework.tests.MyTest@698122b2]" started-at="2026-02-03T15:40:46 IST" name="setUp" finished-at="2026-02-03T15:40:55 IST" duration-ms="8854" status="PASS">
          <params>
            <param index="0">
              <value>
                <![CDATA[public void com.example.framework.tests.MyTest.testCase1()]]>
              </value>
            </param>
            <param index="1">
              <value>
                <![CDATA[org.testng.TestRunner@c2cf597]]>
              </value>
            </param>
          </params>
          <reporter-output>
          </reporter-output>
        </test-method> <!-- setUp -->
        <test-method signature="testCase1()[pri:0, instance:com.example.framework.tests.MyTest@698122b2]" started-at="2026-02-03T15:40:55 IST" name="testCase1" finished-at="2026-02-03T15:41:05 IST" duration-ms="10336" status="FAIL">
          <exception class="java.lang.AssertionError">
            <message>
              <![CDATA[Error Message Not Matched expected [Your email or password is incorrect!123] but found [Your email or password is incorrect!]]]>
            </message>
            <full-stacktrace>
              <![CDATA[java.lang.AssertionError: Error Message Not Matched expected [Your email or password is incorrect!123] but found [Your email or password is incorrect!]
at org.testng.Assert.fail(Assert.java:111)
at org.testng.Assert.failNotEquals(Assert.java:1578)
at org.testng.Assert.assertEqualsImpl(Assert.java:150)
at org.testng.Assert.assertEquals(Assert.java:132)
at org.testng.Assert.assertEquals(Assert.java:656)
at com.example.framework.tests.MyTest.testCase1(MyTest.java:60)
at java.base/jdk.internal.reflect.DirectMethodHandleAccessor.invoke(DirectMethodHandleAccessor.java:103)
at java.base/java.lang.reflect.Method.invoke(Method.java:580)
at org.testng.internal.invokers.MethodInvocationHelper.invokeMethod(MethodInvocationHelper.java:139)
at org.testng.internal.invokers.TestInvoker.invokeMethod(TestInvoker.java:664)
at org.testng.internal.invokers.TestInvoker.invokeTestMethod(TestInvoker.java:228)
at org.testng.internal.invokers.MethodRunner.runInSequence(MethodRunner.java:63)
at org.testng.internal.invokers.TestInvoker$MethodInvocationAgent.invoke(TestInvoker.java:961)
at org.testng.internal.invokers.TestInvoker.invokeTestMethods(TestInvoker.java:201)
at org.testng.internal.invokers.TestMethodWorker.invokeTestMethods(TestMethodWorker.java:148)
at org.testng.internal.invokers.TestMethodWorker.run(TestMethodWorker.java:128)
at java.base/java.util.ArrayList.forEach(ArrayList.java:1596)
at org.testng.TestRunner.privateRun(TestRunner.java:819)
at org.testng.TestRunner.run(TestRunner.java:619)
at org.testng.SuiteRunner.runTest(SuiteRunner.java:443)
at org.testng.SuiteRunner.runSequentially(SuiteRunner.java:437)
at org.testng.SuiteRunner.privateRun(SuiteRunner.java:397)
at org.testng.SuiteRunner.run(SuiteRunner.java:336)
at org.testng.SuiteRunnerWorker.runSuite(SuiteRunnerWorker.java:52)
at org.testng.SuiteRunnerWorker.run(SuiteRunnerWorker.java:95)
at org.testng.TestNG.runSuitesSequentially(TestNG.java:1301)
at org.testng.TestNG.runSuitesLocally(TestNG.java:1228)
at org.testng.TestNG.runSuites(TestNG.java:1134)
at org.testng.TestNG.run(TestNG.java:1101)
at org.testng.remote.AbstractRemoteTestNG.run(AbstractRemoteTestNG.java:115)
at org.testng.remote.RemoteTestNG.initAndRun(RemoteTestNG.java:293)
at org.testng.remote.RemoteTestNG.main(RemoteTestNG.java:91)
]]>
            </full-stacktrace>
          </exception> <!-- java.lang.AssertionError -->
          <reporter-output>
          </reporter-output>
        </test-method> <!-- testCase1 -->
        <test-method is-config="true" signature="tearDown()[pri:0, instance:com.example.framework.tests.MyTest@698122b2]" started-at="2026-02-03T15:41:06 IST" name="tearDown" finished-at="2026-02-03T15:41:07 IST" duration-ms="798" status="PASS">
          <reporter-output>
          </reporter-output>
        </test-method> <!-- tearDown -->
      </class> <!-- com.example.framework.tests.MyTest -->
      <class name="com.example.framework.tests.MyTest2">
        <test-method is-config="true" signature="setUp(java.lang.reflect.Method,org.testng.ITestContext)[pri:0, instance:com.example.framework.tests.MyTest2@2974f221]" started-at="2026-02-03T15:41:07 IST" name="setUp" finished-at="2026-02-03T15:41:11 IST" duration-ms="3965" status="PASS">
          <params>
            <param index="0">
              <value>
                <![CDATA[public void com.example.framework.tests.MyTest2.testCase1()]]>
              </value>
            </param>
            <param index="1">
              <value>
                <![CDATA[org.testng.TestRunner@c2cf597]]>
              </value>
            </param>
          </params>
          <reporter-output>
          </reporter-output>
        </test-method> <!-- setUp -->
        <test-method signature="testCase1()[pri:0, instance:com.example.framework.tests.MyTest2@2974f221]" started-at="2026-02-03T15:41:11 IST" name="testCase1" finished-at="2026-02-03T15:41:22 IST" duration-ms="11611" status="PASS">
          <reporter-output>
          </reporter-output>
        </test-method> <!-- testCase1 -->
        <test-method is-config="true" signature="tearDown()[pri:0, instance:com.example.framework.tests.MyTest2@2974f221]" started-at="2026-02-03T15:41:22 IST" name="tearDown" finished-at="2026-02-03T15:41:23 IST" duration-ms="725" status="PASS">
          <reporter-output>
          </reporter-output>
        </test-method> <!-- tearDown -->
      </class> <!-- com.example.framework.tests.MyTest2 -->
    </test> <!-- LoginTests -->
  </suite> <!-- BankingDemoSuite -->
</testng-results>
