<?xml version="1.0" encoding="UTF-8"?>
<testng-results ignored="0" total="2" passed="0" failed="2" skipped="0">
  <reporter-output>
  </reporter-output>
  <suite started-at="2026-02-02T23:10:46 IST" name="BankingDemoSuite" finished-at="2026-02-02T23:11:20 IST" duration-ms="34090">
    <groups>
    </groups>
    <test started-at="2026-02-02T23:10:46 IST" name="LoginTests" finished-at="2026-02-02T23:11:20 IST" duration-ms="34090">
      <class name="com.example.framework.tests.MyTest">
        <test-method is-config="true" signature="setUp(java.lang.reflect.Method)[pri:0, instance:com.example.framework.tests.MyTest@2ccca26f]" started-at="2026-02-02T23:10:46 IST" name="setUp" finished-at="2026-02-02T23:11:01 IST" duration-ms="14798" status="PASS">
          <params>
            <param index="0">
              <value>
                <![CDATA[public void com.example.framework.tests.MyTest.testCase1()]]>
              </value>
            </param>
          </params>
          <reporter-output>
          </reporter-output>
        </test-method> <!-- setUp -->
        <test-method signature="testCase1()[pri:0, instance:com.example.framework.tests.MyTest@2ccca26f]" started-at="2026-02-02T23:11:01 IST" name="testCase1" finished-at="2026-02-02T23:11:16 IST" duration-ms="15519" status="FAIL">
          <exception class="java.lang.AssertionError">
            <message>
              <![CDATA[Error Message Not Matched expected [Your email or password is incorrect!123] but found [Your email or password is incorrect!]]]>
            </message>
            <full-stacktrace>
              <![CDATA[java.lang.AssertionError: Error Message Not Matched expected [Your email or password is incorrect!123] but found [Your email or password is incorrect!]
at org.testng.Assert.fail(Assert.java:111)
at org.testng.Assert.failNotEquals(Assert.java:1578)
at org.testng.Assert.assertEqualsImpl(Assert.java:150)
at org.testng.Assert.assertEquals(Assert.java:132)
at org.testng.Assert.assertEquals(Assert.java:656)
at com.example.framework.tests.MyTest.testCase1(MyTest.java:45)
at java.base/jdk.internal.reflect.DirectMethodHandleAccessor.invoke(DirectMethodHandleAccessor.java:103)
at java.base/java.lang.reflect.Method.invoke(Method.java:580)
at org.testng.internal.invokers.MethodInvocationHelper.invokeMethod(MethodInvocationHelper.java:139)
at org.testng.internal.invokers.TestInvoker.invokeMethod(TestInvoker.java:664)
at org.testng.internal.invokers.TestInvoker.invokeTestMethod(TestInvoker.java:228)
at org.testng.internal.invokers.MethodRunner.runInSequence(MethodRunner.java:63)
at org.testng.internal.invokers.TestInvoker$MethodInvocationAgent.invoke(TestInvoker.java:961)
at org.testng.internal.invokers.TestInvoker.invokeTestMethods(TestInvoker.java:201)
at org.testng.internal.invokers.TestMethodWorker.invokeTestMethods(TestMethodWorker.java:148)
at org.testng.internal.invokers.TestMethodWorker.run(TestMethodWorker.java:128)
at java.base/java.util.concurrent.Executors$RunnableAdapter.call(Executors.java:572)
at java.base/java.util.concurrent.FutureTask.run(FutureTask.java:317)
at org.testng.internal.thread.graph.TestNGFutureTask.run(TestNGFutureTask.java:22)
at java.base/java.util.concurrent.ThreadPoolExecutor.runWorker(ThreadPoolExecutor.java:1144)
at java.base/java.util.concurrent.ThreadPoolExecutor$Worker.run(ThreadPoolExecutor.java:642)
at java.base/java.lang.Thread.run(Thread.java:1583)
]]>
            </full-stacktrace>
          </exception> <!-- java.lang.AssertionError -->
          <reporter-output>
          </reporter-output>
        </test-method> <!-- testCase1 -->
        <test-method is-config="true" signature="tearDown()[pri:0, instance:com.example.framework.tests.MyTest@2ccca26f]" started-at="2026-02-02T23:11:17 IST" name="tearDown" finished-at="2026-02-02T23:11:20 IST" duration-ms="2940" status="PASS">
          <reporter-output>
          </reporter-output>
        </test-method> <!-- tearDown -->
      </class> <!-- com.example.framework.tests.MyTest -->
      <class name="com.example.framework.tests.MyTest2">
        <test-method is-config="true" signature="setUp(java.lang.reflect.Method)[pri:0, instance:com.example.framework.tests.MyTest2@320de594]" started-at="2026-02-02T23:10:46 IST" name="setUp" finished-at="2026-02-02T23:11:03 IST" duration-ms="17417" status="PASS">
          <params>
            <param index="0">
              <value>
                <![CDATA[public void com.example.framework.tests.MyTest2.testCase1()]]>
              </value>
            </param>
          </params>
          <reporter-output>
          </reporter-output>
        </test-method> <!-- setUp -->
        <test-method signature="testCase1()[pri:0, instance:com.example.framework.tests.MyTest2@320de594]" started-at="2026-02-02T23:11:03 IST" name="testCase1" finished-at="2026-02-02T23:11:18 IST" duration-ms="14453" status="FAIL">
          <exception class="java.lang.AssertionError">
            <message>
              <![CDATA[Error Message Not Matched expected [Your email or password is incorrect!123] but found [Your email or password is incorrect!]]]>
            </message>
            <full-stacktrace>
              <![CDATA[java.lang.AssertionError: Error Message Not Matched expected [Your email or password is incorrect!123] but found [Your email or password is incorrect!]
at org.testng.Assert.fail(Assert.java:111)
at org.testng.Assert.failNotEquals(Assert.java:1578)
at org.testng.Assert.assertEqualsImpl(Assert.java:150)
at org.testng.Assert.assertEquals(Assert.java:132)
at org.testng.Assert.assertEquals(Assert.java:656)
at com.example.framework.tests.MyTest2.testCase1(MyTest2.java:45)
at java.base/jdk.internal.reflect.DirectMethodHandleAccessor.invoke(DirectMethodHandleAccessor.java:103)
at java.base/java.lang.reflect.Method.invoke(Method.java:580)
at org.testng.internal.invokers.MethodInvocationHelper.invokeMethod(MethodInvocationHelper.java:139)
at org.testng.internal.invokers.TestInvoker.invokeMethod(TestInvoker.java:664)
at org.testng.internal.invokers.TestInvoker.invokeTestMethod(TestInvoker.java:228)
at org.testng.internal.invokers.MethodRunner.runInSequence(MethodRunner.java:63)
at org.testng.internal.invokers.TestInvoker$MethodInvocationAgent.invoke(TestInvoker.java:961)
at org.testng.internal.invokers.TestInvoker.invokeTestMethods(TestInvoker.java:201)
at org.testng.internal.invokers.TestMethodWorker.invokeTestMethods(TestMethodWorker.java:148)
at org.testng.internal.invokers.TestMethodWorker.run(TestMethodWorker.java:128)
at java.base/java.util.concurrent.Executors$RunnableAdapter.call(Executors.java:572)
at java.base/java.util.concurrent.FutureTask.run(FutureTask.java:317)
at org.testng.internal.thread.graph.TestNGFutureTask.run(TestNGFutureTask.java:22)
at java.base/java.util.concurrent.ThreadPoolExecutor.runWorker(ThreadPoolExecutor.java:1144)
at java.base/java.util.concurrent.ThreadPoolExecutor$Worker.run(ThreadPoolExecutor.java:642)
at java.base/java.lang.Thread.run(Thread.java:1583)
]]>
            </full-stacktrace>
          </exception> <!-- java.lang.AssertionError -->
          <reporter-output>
          </reporter-output>
        </test-method> <!-- testCase1 -->
        <test-method is-config="true" signature="tearDown()[pri:0, instance:com.example.framework.tests.MyTest2@320de594]" started-at="2026-02-02T23:11:18 IST" name="tearDown" finished-at="2026-02-02T23:11:20 IST" duration-ms="1510" status="PASS">
          <reporter-output>
          </reporter-output>
        </test-method> <!-- tearDown -->
      </class> <!-- com.example.framework.tests.MyTest2 -->
    </test> <!-- LoginTests -->
  </suite> <!-- BankingDemoSuite -->
</testng-results>
