<?xml version="1.0" encoding="UTF-8"?>
<!-- Generated by org.testng.reporters.JUnitReportReporter -->
<testsuite hostname="BUDDI_DESKTOP" failures="0" tests="6" name="com.example.framework.tests.LoginTests" time="290.904" errors="0" timestamp="2026-02-02T19:25:48 IST" skipped="0">
  <testcase classname="com.example.framework.tests.LoginTests" name="login_using_excel" time="44.004"/>
  <testcase classname="com.example.framework.tests.LoginTests" name="login_using_db" time="52.988"/>
  <testcase classname="com.example.framework.tests.LoginTests" name="login_using_db" time="51.847"/>
  <testcase classname="com.example.framework.tests.LoginTests" name="login_using_db" time="48.952"/>
  <testcase classname="com.example.framework.tests.LoginTests" name="login_using_excel" time="48.512"/>
  <testcase classname="com.example.framework.tests.LoginTests" name="login_using_excel" time="44.601"/>
</testsuite> <!-- com.example.framework.tests.LoginTests -->
